{"/Users/youngho.jeon/datamaker/simple-lazy-debounce/src/lazy-debounce.ts": {"path":"/Users/youngho.jeon/datamaker/simple-lazy-debounce/src/lazy-debounce.ts","statementMap":{"0":{"start":{"line":7,"column":34},"end":{"line":54,"column":1}},"1":{"start":{"line":11,"column":36},"end":{"line":17,"column":3}},"2":{"start":{"line":19,"column":2},"end":{"line":27,"column":3}},"3":{"start":{"line":20,"column":18},"end":{"line":20,"column":56}},"4":{"start":{"line":21,"column":4},"end":{"line":26,"column":5}},"5":{"start":{"line":23,"column":6},"end":{"line":25,"column":8}},"6":{"start":{"line":29,"column":55},"end":{"line":29,"column":63}},"7":{"start":{"line":31,"column":22},"end":{"line":31,"column":41}},"8":{"start":{"line":32,"column":21},"end":{"line":32,"column":22}},"9":{"start":{"line":35,"column":2},"end":{"line":53,"column":4}},"10":{"start":{"line":36,"column":16},"end":{"line":36,"column":26}},"11":{"start":{"line":38,"column":4},"end":{"line":45,"column":5}},"12":{"start":{"line":39,"column":6},"end":{"line":42,"column":8}},"13":{"start":{"line":44,"column":6},"end":{"line":44,"column":42}},"14":{"start":{"line":47,"column":4},"end":{"line":47,"column":28}},"15":{"start":{"line":49,"column":4},"end":{"line":52,"column":22}},"16":{"start":{"line":50,"column":6},"end":{"line":50,"column":24}},"17":{"start":{"line":51,"column":6},"end":{"line":51,"column":32}}},"fnMap":{"0":{"name":"(anonymous_0)","decl":{"start":{"line":7,"column":34},"end":{"line":7,"column":35}},"loc":{"start":{"line":10,"column":5},"end":{"line":54,"column":1}},"line":10},"1":{"name":"(anonymous_1)","decl":{"start":{"line":35,"column":9},"end":{"line":35,"column":10}},"loc":{"start":{"line":35,"column":33},"end":{"line":53,"column":3}},"line":35},"2":{"name":"(anonymous_2)","decl":{"start":{"line":49,"column":27},"end":{"line":49,"column":28}},"loc":{"start":{"line":49,"column":33},"end":{"line":52,"column":5}},"line":49}},"branchMap":{"0":{"loc":{"start":{"line":21,"column":4},"end":{"line":26,"column":5}},"type":"if","locations":[{"start":{"line":21,"column":4},"end":{"line":26,"column":5}},{"start":{},"end":{}}],"line":21},"1":{"loc":{"start":{"line":21,"column":8},"end":{"line":21,"column":70}},"type":"binary-expr","locations":[{"start":{"line":21,"column":8},"end":{"line":21,"column":32}},{"start":{"line":21,"column":37},"end":{"line":21,"column":56}},{"start":{"line":21,"column":60},"end":{"line":21,"column":69}}],"line":21},"2":{"loc":{"start":{"line":31,"column":22},"end":{"line":31,"column":41}},"type":"binary-expr","locations":[{"start":{"line":31,"column":22},"end":{"line":31,"column":34}},{"start":{"line":31,"column":38},"end":{"line":31,"column":41}}],"line":31},"3":{"loc":{"start":{"line":38,"column":4},"end":{"line":45,"column":5}},"type":"if","locations":[{"start":{"line":38,"column":4},"end":{"line":45,"column":5}},{"start":{"line":43,"column":11},"end":{"line":45,"column":5}}],"line":38},"4":{"loc":{"start":{"line":40,"column":25},"end":{"line":40,"column":48}},"type":"binary-expr","locations":[{"start":{"line":40,"column":25},"end":{"line":40,"column":41}},{"start":{"line":40,"column":45},"end":{"line":40,"column":48}}],"line":40},"5":{"loc":{"start":{"line":41,"column":8},"end":{"line":41,"column":23}},"type":"binary-expr","locations":[{"start":{"line":41,"column":8},"end":{"line":41,"column":16}},{"start":{"line":41,"column":20},"end":{"line":41,"column":23}}],"line":41},"6":{"loc":{"start":{"line":44,"column":22},"end":{"line":44,"column":41}},"type":"binary-expr","locations":[{"start":{"line":44,"column":22},"end":{"line":44,"column":34}},{"start":{"line":44,"column":38},"end":{"line":44,"column":41}}],"line":44}},"s":{"0":1,"1":14,"2":14,"3":39,"4":39,"5":4,"6":10,"7":10,"8":10,"9":10,"10":11,"11":11,"12":11,"13":0,"14":11,"15":11,"16":5,"17":5},"f":{"0":14,"1":11,"2":5},"b":{"0":[4,35],"1":[39,36,36],"2":[10,0],"3":[11,0],"4":[11,0],"5":[11,0],"6":[0,0]},"_coverageSchema":"1a1c01bbd47fc00a2c39e90264f33305004495a9","hash":"4b3aaef3b836a1e0e2084d13c635aef10242458b"}
}
