TN:
SF:src/lazy-debounce.ts
FN:7,(anonymous_0)
FN:35,(anonymous_1)
FN:49,(anonymous_2)
FNF:3
FNH:3
FNDA:14,(anonymous_0)
FNDA:11,(anonymous_1)
FNDA:5,(anonymous_2)
DA:7,1
DA:11,14
DA:19,14
DA:20,39
DA:21,39
DA:23,4
DA:29,10
DA:31,10
DA:32,10
DA:35,10
DA:36,11
DA:38,11
DA:39,11
DA:44,0
DA:47,11
DA:49,11
DA:50,5
DA:51,5
LF:18
LH:17
BRDA:21,0,0,4
BRDA:21,0,1,35
BRDA:21,1,0,39
BRDA:21,1,1,36
BRDA:21,1,2,36
BRDA:31,2,0,10
BRDA:31,2,1,0
BRDA:38,3,0,11
BRDA:38,3,1,0
BRDA:40,4,0,11
BRDA:40,4,1,0
BRDA:41,5,0,11
BRDA:41,5,1,0
BRDA:44,6,0,0
BRDA:44,6,1,0
BRF:15
BRH:9
end_of_record
