TN:
SF:src/lazy-debounce.ts
FN:7,(anonymous_0)
FN:33,(anonymous_1)
FN:44,(anonymous_2)
FNF:3
FNH:3
FNDA:14,(anonymous_0)
FNDA:11,(anonymous_1)
FNDA:5,(anonymous_2)
DA:7,1
DA:11,14
DA:18,14
DA:19,39
DA:20,39
DA:21,4
DA:27,10
DA:29,10
DA:30,10
DA:33,10
DA:34,11
DA:36,11
DA:37,11
DA:39,0
DA:42,11
DA:44,11
DA:45,5
DA:46,5
LF:18
LH:17
BRDA:20,0,0,4
BRDA:20,0,1,35
BRDA:20,1,0,39
BRDA:20,1,1,36
BRDA:20,1,2,36
BRDA:29,2,0,10
BRDA:29,2,1,0
BRDA:36,3,0,11
BRDA:36,3,1,0
BRDA:37,4,0,11
BRDA:37,4,1,0
BRDA:37,5,0,11
BRDA:37,5,1,0
BRDA:39,6,0,0
BRDA:39,6,1,0
BRF:15
BRH:9
end_of_record
